000 (5181916.000.000) 08/16 14:46:09 Job submitted from host: <188.185.71.83:9618?addrs=188.185.71.83-9618+[2001-1458-d00-7--100-34d]-9618&alias=bigbird18.cern.ch&noUDP&sock=schedd_2070_6d22>
...
040 (5181916.000.000) 08/16 14:46:53 Started transferring input files
	Transferring to host: <188.184.163.145:9618?addrs=188.184.163.145-9618&alias=b7s12p3939.cern.ch&noUDP&sock=slot1_12_3362_9542_222026>
...
040 (5181916.000.000) 08/16 14:46:53 Finished transferring input files
...
001 (5181916.000.000) 08/16 14:46:54 Job executing on host: <188.184.163.145:9618?addrs=188.184.163.145-9618&alias=b7s12p3939.cern.ch&noUDP&sock=startd_2924_3303>
...
006 (5181916.000.000) 08/16 14:47:03 Image size of job updated: 14416
	12  -  MemoryUsage of job (MB)
	11352  -  ResidentSetSize of job (KB)
...
006 (5181916.000.000) 08/16 14:52:04 Image size of job updated: 1399248
	404  -  MemoryUsage of job (MB)
	412856  -  ResidentSetSize of job (KB)
...
006 (5181916.000.000) 08/16 14:57:04 Image size of job updated: 1399248
	515  -  MemoryUsage of job (MB)
	526396  -  ResidentSetSize of job (KB)
...
006 (5181916.000.000) 08/16 15:02:04 Image size of job updated: 1399248
	522  -  MemoryUsage of job (MB)
	534524  -  ResidentSetSize of job (KB)
...
006 (5181916.000.000) 08/16 15:07:05 Image size of job updated: 1399248
	530  -  MemoryUsage of job (MB)
	542432  -  ResidentSetSize of job (KB)
...
040 (5181916.000.000) 08/16 15:07:05 Started transferring output files
...
040 (5181916.000.000) 08/16 15:07:05 Finished transferring output files
...
009 (5181916.000.000) 08/16 15:07:05 Job was aborted.
	Job removed by SYSTEM_PERIODIC_REMOVE due to wall time exceeded allowed max.
...
